<?xml version="1.0" encoding="UTF-8"?>
<!-- Generated by org.testng.reporters.JUnitXMLReporter -->
<testsuite ignored="0" hostname="DESKTOP-ML28E7P" failures="0" tests="4" name="Default test" time="0.198" errors="0" timestamp="2025-04-16T12:22:47 IST">
  <testcase classname="Print" name="add" time="0.041"/>
  <testcase classname="Print" name="mul" time="0.004"/>
  <testcase classname="Print" name="sub" time="0.004"/>
  <testcase classname="Print" name="print" time="0.005"/>
</testsuite> <!-- Default test -->
