<?xml version="1.0" encoding="UTF-8"?>
<testng-results ignored="0" total="4" passed="4" failed="0" skipped="0">
  <reporter-output>
  </reporter-output>
  <suite started-at="2025-04-16T12:22:46 IST" name="Default suite" finished-at="2025-04-16T12:22:47 IST" duration-ms="198">
    <groups>
    </groups>
    <test started-at="2025-04-16T12:22:46 IST" name="Default test" finished-at="2025-04-16T12:22:47 IST" duration-ms="198">
      <class name="Print">
        <test-method signature="add()[pri:0, instance:Print@48974e45]" started-at="2025-04-16T12:22:47 IST" name="add" finished-at="2025-04-16T12:22:47 IST" duration-ms="41" status="PASS">
          <reporter-output>
          </reporter-output>
        </test-method> <!-- add -->
        <test-method signature="mul()[pri:0, instance:Print@48974e45]" started-at="2025-04-16T12:22:47 IST" name="mul" finished-at="2025-04-16T12:22:47 IST" duration-ms="4" status="PASS">
          <reporter-output>
          </reporter-output>
        </test-method> <!-- mul -->
        <test-method signature="sub()[pri:0, instance:Print@48974e45]" started-at="2025-04-16T12:22:47 IST" name="sub" finished-at="2025-04-16T12:22:47 IST" duration-ms="4" status="PASS">
          <reporter-output>
          </reporter-output>
        </test-method> <!-- sub -->
        <test-method signature="print()[pri:1, instance:Print@48974e45]" started-at="2025-04-16T12:22:47 IST" name="print" finished-at="2025-04-16T12:22:47 IST" duration-ms="5" status="PASS">
          <reporter-output>
          </reporter-output>
        </test-method> <!-- print -->
      </class> <!-- Print -->
    </test> <!-- Default test -->
  </suite> <!-- Default suite -->
</testng-results>
